[01m[K/home/janik/catkin_ws/src/turtlebot_highlevel_controller/src/TurtlebotHighlevelController.cpp:[m[K In constructor â€˜[01m[KHighlevelController::TurtlebotHighlevelController::TurtlebotHighlevelController(ros::NodeHandle&)[m[Kâ€™:
[01m[K/home/janik/catkin_ws/src/turtlebot_highlevel_controller/src/TurtlebotHighlevelController.cpp:40:3:[m[K [01;31m[Kerror: [m[Kâ€˜[01m[Kpublisher_[m[Kâ€™ was not declared in this scope
   publisher_ = nodeHandle_.advertise<sensor_msgs::LaserScan>("Pub_scan", queue_size);
[01;32m[K   ^[m[K
[01m[K/home/janik/catkin_ws/src/turtlebot_highlevel_controller/src/TurtlebotHighlevelController.cpp:41:3:[m[K [01;31m[Kerror: [m[Kâ€˜[01m[Kcmd_vel_pub_[m[Kâ€™ was not declared in this scope
   cmd_vel_pub_ = nodeHandle_.advertise<geometry_msgs::Twist>("cmd_vel", 100);
[01;32m[K   ^[m[K
In file included from [01m[K/opt/ros/kinetic/include/ros/ros.h:40:0[m[K,
                 from [01m[K/home/janik/catkin_ws/src/turtlebot_highlevel_controller/src/TurtlebotHighlevelController.cpp:1[m[K:
[01m[K/home/janik/catkin_ws/src/turtlebot_highlevel_controller/src/TurtlebotHighlevelController.cpp:[m[K In member function â€˜[01m[Kvoid HighlevelController::TurtlebotHighlevelController::chatterCallback(const ConstPtr&)[m[Kâ€™:
[01m[K/opt/ros/kinetic/include/ros/console.h:346:176:[m[K [01;35m[Kwarning: [m[Kformat â€˜[01m[K%f[m[Kâ€™ expects argument of type â€˜[01m[Kdouble[m[Kâ€™, but argument 12 has type â€˜[01m[Kfloat*[m[Kâ€™ [-Wformat=]
     ::ros::console::print(filter, __rosconsole_define_location__loc.logger_, __rosconsole_define_location__loc.level_, __FILE__, __LINE__, __ROSCONSOLE_FUNCTION__, __VA_ARGS__)
[01;32m[K                                                                                                                                                                                ^[m[K
[01m[K/opt/ros/kinetic/include/ros/console.h:349:5:[m[K [01;36m[Knote: [m[Kin expansion of macro â€˜[01m[KROSCONSOLE_PRINT_AT_LOCATION_WITH_FILTER[m[Kâ€™
     ROSCONSOLE_PRINT_AT_LOCATION_WITH_FILTER(0, __VA_ARGS__)
[01;32m[K     ^[m[K
[01m[K/opt/ros/kinetic/include/ros/console.h:379:7:[m[K [01;36m[Knote: [m[Kin expansion of macro â€˜[01m[KROSCONSOLE_PRINT_AT_LOCATION[m[Kâ€™
       ROSCONSOLE_PRINT_AT_LOCATION(__VA_ARGS__); \
[01;32m[K       ^[m[K
[01m[K/opt/ros/kinetic/include/ros/console.h:561:35:[m[K [01;36m[Knote: [m[Kin expansion of macro â€˜[01m[KROS_LOG_COND[m[Kâ€™
 #define ROS_LOG(level, name, ...) ROS_LOG_COND(true, level, name, __VA_ARGS__)
[01;32m[K                                   ^[m[K
[01m[K/opt/ros/kinetic/include/rosconsole/macros_generated.h:110:23:[m[K [01;36m[Knote: [m[Kin expansion of macro â€˜[01m[KROS_LOG[m[Kâ€™
 #define ROS_INFO(...) ROS_LOG(::ros::console::levels::Info, ROSCONSOLE_DEFAULT_NAME, __VA_ARGS__)
[01;32m[K                       ^[m[K
[01m[K/home/janik/catkin_ws/src/turtlebot_highlevel_controller/src/TurtlebotHighlevelController.cpp:130:3:[m[K [01;36m[Knote: [m[Kin expansion of macro â€˜[01m[KROS_INFO[m[Kâ€™
   ROS_INFO("Distanzen: [%f], [%f], [%f], [%f], [%f]", AusgabeSubscriber[0],AusgabeSubscriber[1],AusgabeSubscriber[2],AusgabeSubscriber[3],AusgabeSubscriber);
[01;32m[K   ^[m[K
[01m[K/home/janik/catkin_ws/src/turtlebot_highlevel_controller/src/TurtlebotHighlevelController.cpp:162:3:[m[K [01;31m[Kerror: [m[Kâ€˜[01m[Kcmd_vel_pub_[m[Kâ€™ was not declared in this scope
   cmd_vel_pub_.publish(base_cmd);
[01;32m[K   ^[m[K
[01m[K/home/janik/catkin_ws/src/turtlebot_highlevel_controller/src/TurtlebotHighlevelController.cpp:163:3:[m[K [01;31m[Kerror: [m[Kâ€˜[01m[Kpublisher_[m[Kâ€™ was not declared in this scope
   publisher_.publish(Pub_scan);
[01;32m[K   ^[m[K
make[2]: *** [CMakeFiles/turtlebot_highlevel_controller.dir/src/TurtlebotHighlevelController.cpp.o] Fehler 1
make[1]: *** [CMakeFiles/turtlebot_highlevel_controller.dir/all] Fehler 2
make: *** [all] Fehler 2
